app/build/intermediates/manifest_merge_blame_file/debug/processDebugMainManifest/manifest-merger-blame-debug-report.txt
1<?xml version="1.0" encoding="utf-8"?>
2<manifest xmlns:android="http://schemas.android.com/apk/res/android"
3    package="com.nust.valentinegarage"
4    android:versionCode="1"
5    android:versionName="1.0" >
6
7    <uses-sdk
8        android:minSdkVersion="24"
9        android:targetSdkVersion="36" />
10
11    <uses-permission android:name="android.permission.INTERNET" />
11-->src/main/AndroidManifest.xml:5:5-67
11-->src/main/AndroidManifest.xml:5:22-64
12    <uses-permission android:name="android.permission.ACCESS_NETWORK_STATE" />
12-->src/main/AndroidManifest.xml:6:5-79
12-->src/main/AndroidManifest.xml:6:22-76
13
14    <permission
14-->[androidx.core:core:1.18.0] AndroidManifest.xml:22:5-24:47
15        android:name="com.nust.valentinegarage.DYNAMIC_RECEIVER_NOT_EXPORTED_PERMISSION"
15-->[androidx.core:core:1.18.0] AndroidManifest.xml:23:9-81
16        android:protectionLevel="signature" />
16-->[androidx.core:core:1.18.0] AndroidManifest.xml:24:9-44
17
18    <uses-permission android:name="com.nust.valentinegarage.DYNAMIC_RECEIVER_NOT_EXPORTED_PERMISSION" />
18-->[androidx.core:core:1.18.0] AndroidManifest.xml:26:5-97
18-->[androidx.core:core:1.18.0] AndroidManifest.xml:26:22-94
19    <uses-permission android:name="com.google.android.providers.gsf.permission.READ_GSERVICES" />
19-->[com.google.android.recaptcha:recaptcha:18.5.1] AndroidManifest.xml:9:5-98
19-->[com.google.android.recaptcha:recaptcha:18.5.1] AndroidManifest.xml:9:22-95
20
21    <application
21-->src/main/AndroidManifest.xml:8:5-29:19
22        android:name="com.nust.valentinegarage.ValentineGarageApp"
22-->src/main/AndroidManifest.xml:9:9-43
23        android:allowBackup="true"
23-->src/main/AndroidManifest.xml:10:9-35
24        android:appComponentFactory="androidx.core.app.CoreComponentFactory"
24-->[androidx.core:core:1.18.0] AndroidManifest.xml:28:18-86
25        android:dataExtractionRules="@xml/data_extraction_rules"
25-->src/main/AndroidManifest.xml:11:9-65
26        android:debuggable="true"
27        android:extractNativeLibs="false"
28        android:fullBackupContent="@xml/backup_rules"
28-->src/main/AndroidManifest.xml:12:9-54
29        android:icon="@mipmap/ic_launcher"
29-->src/main/AndroidManifest.xml:13:9-43
30        android:label="@string/app_name"
30-->src/main/AndroidManifest.xml:14:9-41
31        android:roundIcon="@mipmap/ic_launcher_round"
31-->src/main/AndroidManifest.xml:15:9-54
32        android:supportsRtl="true"
32-->src/main/AndroidManifest.xml:16:9-35
33        android:testOnly="true"
34        android:theme="@style/Theme.ValentineGarage" >
34-->src/main/AndroidManifest.xml:17:9-53
35        <activity
35-->src/main/AndroidManifest.xml:18:9-28:20
36            android:name="com.nust.valentinegarage.MainActivity"
36-->src/main/AndroidManifest.xml:19:13-41
37            android:exported="true"
37-->src/main/AndroidManifest.xml:20:13-36
38            android:label="@string/app_name"
38-->src/main/AndroidManifest.xml:21:13-45
39            android:theme="@style/Theme.ValentineGarage" >
39-->src/main/AndroidManifest.xml:22:13-57
40            <intent-filter>
40-->src/main/AndroidManifest.xml:23:13-27:29
41                <action android:name="android.intent.action.MAIN" />
41-->src/main/AndroidManifest.xml:24:17-69
41-->src/main/AndroidManifest.xml:24:25-66
42
43                <category android:name="android.intent.category.LAUNCHER" />
43-->src/main/AndroidManifest.xml:26:17-77
43-->src/main/AndroidManifest.xml:26:27-74
44            </intent-filter>
45        </activity>
46        <activity
46-->[com.google.firebase:firebase-auth:23.1.0] AndroidManifest.xml:29:9-46:20
47            android:name="com.google.firebase.auth.internal.GenericIdpActivity"
47-->[com.google.firebase:firebase-auth:23.1.0] AndroidManifest.xml:30:13-80
48            android:excludeFromRecents="true"
48-->[com.google.firebase:firebase-auth:23.1.0] AndroidManifest.xml:31:13-46
49            android:exported="true"
49-->[com.google.firebase:firebase-auth:23.1.0] AndroidManifest.xml:32:13-36
50            android:launchMode="singleTask"
50-->[com.google.firebase:firebase-auth:23.1.0] AndroidManifest.xml:33:13-44
51            android:theme="@android:style/Theme.Translucent.NoTitleBar" >
51-->[com.google.firebase:firebase-auth:23.1.0] AndroidManifest.xml:34:13-72
52            <intent-filter>
52-->[com.google.firebase:firebase-auth:23.1.0] AndroidManifest.xml:35:13-45:29
53                <action android:name="android.intent.action.VIEW" />
53-->[com.google.firebase:firebase-auth:23.1.0] AndroidManifest.xml:36:17-69
53-->[com.google.firebase:firebase-auth:23.1.0] AndroidManifest.xml:36:25-66
54
55                <category android:name="android.intent.category.DEFAULT" />
55-->[com.google.firebase:firebase-auth:23.1.0] AndroidManifest.xml:38:17-76
55-->[com.google.firebase:firebase-auth:23.1.0] AndroidManifest.xml:38:27-73
56                <category android:name="android.intent.category.BROWSABLE" />
56-->[com.google.firebase:firebase-auth:23.1.0] AndroidManifest.xml:39:17-78
56-->[com.google.firebase:firebase-auth:23.1.0] AndroidManifest.xml:39:27-75
57
58                <data
58-->[com.google.firebase:firebase-auth:23.1.0] AndroidManifest.xml:41:17-44:51
59                    android:host="firebase.auth"
59-->[com.google.firebase:firebase-auth:23.1.0] AndroidManifest.xml:42:21-49
60                    android:path="/"
60-->[com.google.firebase:firebase-auth:23.1.0] AndroidManifest.xml:43:21-37
61                    android:scheme="genericidp" />
61-->[com.google.firebase:firebase-auth:23.1.0] AndroidManifest.xml:44:21-48
62            </intent-filter>
63        </activity>
64        <activity
64-->[com.google.firebase:firebase-auth:23.1.0] AndroidManifest.xml:47:9-64:20
65            android:name="com.google.firebase.auth.internal.RecaptchaActivity"
65-->[com.google.firebase:firebase-auth:23.1.0] AndroidManifest.xml:48:13-79
66            android:excludeFromRecents="true"
66-->[com.google.firebase:firebase-auth:23.1.0] AndroidManifest.xml:49:13-46
67            android:exported="true"
67-->[com.google.firebase:firebase-auth:23.1.0] AndroidManifest.xml:50:13-36
68            android:launchMode="singleTask"
68-->[com.google.firebase:firebase-auth:23.1.0] AndroidManifest.xml:51:13-44
69            android:theme="@android:style/Theme.Translucent.NoTitleBar" >
69-->[com.google.firebase:firebase-auth:23.1.0] AndroidManifest.xml:52:13-72
70            <intent-filter>
70-->[com.google.firebase:firebase-auth:23.1.0] AndroidManifest.xml:53:13-63:29
71                <action android:name="android.intent.action.VIEW" />
71-->[com.google.firebase:firebase-auth:23.1.0] AndroidManifest.xml:36:17-69
71-->[com.google.firebase:firebase-auth:23.1.0] AndroidManifest.xml:36:25-66
72
73                <category android:name="android.intent.category.DEFAULT" />
73-->[com.google.firebase:firebase-auth:23.1.0] AndroidManifest.xml:38:17-76
73-->[com.google.firebase:firebase-auth:23.1.0] AndroidManifest.xml:38:27-73
74                <category android:name="android.intent.category.BROWSABLE" />
74-->[com.google.firebase:firebase-auth:23.1.0] AndroidManifest.xml:39:17-78
74-->[com.google.firebase:firebase-auth:23.1.0] AndroidManifest.xml:39:27-75
75
76                <data
76-->[com.google.firebase:firebase-auth:23.1.0] AndroidManifest.xml:41:17-44:51
77                    android:host="firebase.auth"
77-->[com.google.firebase:firebase-auth:23.1.0] AndroidManifest.xml:42:21-49
78                    android:path="/"
78-->[com.google.firebase:firebase-auth:23.1.0] AndroidManifest.xml:43:21-37
79                    android:scheme="recaptcha" />
79-->[com.google.firebase:firebase-auth:23.1.0] AndroidManifest.xml:44:21-48
80            </intent-filter>
81        </activity>
82
83        <service
83-->[com.google.firebase:firebase-auth:23.1.0] AndroidManifest.xml:66:9-72:19
84            android:name="com.google.firebase.components.ComponentDiscoveryService"
84-->[com.google.firebase:firebase-auth:23.1.0] AndroidManifest.xml:67:13-84
85            android:directBootAware="true"
85-->[com.google.firebase:firebase-common:21.0.0] AndroidManifest.xml:32:13-43
86            android:exported="false" >
86-->[com.google.firebase:firebase-auth:23.1.0] AndroidManifest.xml:68:13-37
87            <meta-data
87-->[com.google.firebase:firebase-auth:23.1.0] AndroidManifest.xml:69:13-71:85
88                android:name="com.google.firebase.components:com.google.firebase.auth.FirebaseAuthRegistrar"
88-->[com.google.firebase:firebase-auth:23.1.0] AndroidManifest.xml:70:17-109
89                android:value="com.google.firebase.components.ComponentRegistrar" />
89-->[com.google.firebase:firebase-auth:23.1.0] AndroidManifest.xml:71:17-82
90            <meta-data
90-->[com.google.firebase:firebase-firestore:25.1.1] AndroidManifest.xml:17:13-19:85
91                android:name="com.google.firebase.components:com.google.firebase.firestore.FirebaseFirestoreKtxRegistrar"
91-->[com.google.firebase:firebase-firestore:25.1.1] AndroidManifest.xml:18:17-122
92                android:value="com.google.firebase.components.ComponentRegistrar" />
92-->[com.google.firebase:firebase-firestore:25.1.1] AndroidManifest.xml:19:17-82
93            <meta-data
93-->[com.google.firebase:firebase-firestore:25.1.1] AndroidManifest.xml:20:13-22:85
94                android:name="com.google.firebase.components:com.google.firebase.firestore.FirestoreRegistrar"
94-->[com.google.firebase:firebase-firestore:25.1.1] AndroidManifest.xml:21:17-111
95                android:value="com.google.firebase.components.ComponentRegistrar" />
95-->[com.google.firebase:firebase-firestore:25.1.1] AndroidManifest.xml:22:17-82
96            <meta-data
96-->[com.google.firebase:firebase-common-ktx:21.0.0] AndroidManifest.xml:12:13-14:85
97                android:name="com.google.firebase.components:com.google.firebase.ktx.FirebaseCommonLegacyRegistrar"
97-->[com.google.firebase:firebase-common-ktx:21.0.0] AndroidManifest.xml:13:17-116
98                android:value="com.google.firebase.components.ComponentRegistrar" />
98-->[com.google.firebase:firebase-common-ktx:21.0.0] AndroidManifest.xml:14:17-82
99            <meta-data
99-->[com.google.firebase:firebase-common:21.0.0] AndroidManifest.xml:35:13-37:85
100                android:name="com.google.firebase.components:com.google.firebase.FirebaseCommonKtxRegistrar"
100-->[com.google.firebase:firebase-common:21.0.0] AndroidManifest.xml:36:17-109
101                android:value="com.google.firebase.components.ComponentRegistrar" />
101-->[com.google.firebase:firebase-common:21.0.0] AndroidManifest.xml:37:17-82
102        </service>
103        <service
103-->[androidx.credentials:credentials-play-services-auth:1.2.0-rc01] AndroidManifest.xml:24:9-32:19
104            android:name="androidx.credentials.playservices.CredentialProviderMetadataHolder"
104-->[androidx.credentials:credentials-play-services-auth:1.2.0-rc01] AndroidManifest.xml:25:13-94
105            android:enabled="true"
105-->[androidx.credentials:credentials-play-services-auth:1.2.0-rc01] AndroidManifest.xml:26:13-35
106            android:exported="false" >
106-->[androidx.credentials:credentials-play-services-auth:1.2.0-rc01] AndroidManifest.xml:27:13-37
107            <meta-data
107-->[androidx.credentials:credentials-play-services-auth:1.2.0-rc01] AndroidManifest.xml:29:13-31:104
108                android:name="androidx.credentials.CREDENTIAL_PROVIDER_KEY"
108-->[androidx.credentials:credentials-play-services-auth:1.2.0-rc01] AndroidManifest.xml:30:17-76
109                android:value="androidx.credentials.playservices.CredentialProviderPlayServicesImpl" />
109-->[androidx.credentials:credentials-play-services-auth:1.2.0-rc01] AndroidManifest.xml:31:17-101
110        </service>
111
112        <activity
112-->[androidx.credentials:credentials-play-services-auth:1.2.0-rc01] AndroidManifest.xml:34:9-41:20
113            android:name="androidx.credentials.playservices.HiddenActivity"
113-->[androidx.credentials:credentials-play-services-auth:1.2.0-rc01] AndroidManifest.xml:35:13-76
114            android:configChanges="orientation|screenSize|screenLayout|keyboardHidden"
114-->[androidx.credentials:credentials-play-services-auth:1.2.0-rc01] AndroidManifest.xml:36:13-87
115            android:enabled="true"
115-->[androidx.credentials:credentials-play-services-auth:1.2.0-rc01] AndroidManifest.xml:37:13-35
116            android:exported="false"
116-->[androidx.credentials:credentials-play-services-auth:1.2.0-rc01] AndroidManifest.xml:38:13-37
117            android:fitsSystemWindows="true"
117-->[androidx.credentials:credentials-play-services-auth:1.2.0-rc01] AndroidManifest.xml:39:13-45
118            android:theme="@style/Theme.Hidden" >
118-->[androidx.credentials:credentials-play-services-auth:1.2.0-rc01] AndroidManifest.xml:40:13-48
119        </activity>
120        <activity
120-->[com.google.android.gms:play-services-auth:20.7.0] AndroidManifest.xml:23:9-27:75
121            android:name="com.google.android.gms.auth.api.signin.internal.SignInHubActivity"
121-->[com.google.android.gms:play-services-auth:20.7.0] AndroidManifest.xml:24:13-93
122            android:excludeFromRecents="true"
122-->[com.google.android.gms:play-services-auth:20.7.0] AndroidManifest.xml:25:13-46
123            android:exported="false"
123-->[com.google.android.gms:play-services-auth:20.7.0] AndroidManifest.xml:26:13-37
124            android:theme="@android:style/Theme.Translucent.NoTitleBar" />
124-->[com.google.android.gms:play-services-auth:20.7.0] AndroidManifest.xml:27:13-72
125        <!--
126            Service handling Google Sign-In user revocation. For apps that do not integrate with
127            Google Sign-In, this service will never be started.
128        -->
129        <service
129-->[com.google.android.gms:play-services-auth:20.7.0] AndroidManifest.xml:33:9-37:51
130            android:name="com.google.android.gms.auth.api.signin.RevocationBoundService"
130-->[com.google.android.gms:play-services-auth:20.7.0] AndroidManifest.xml:34:13-89
131            android:exported="true"
131-->[com.google.android.gms:play-services-auth:20.7.0] AndroidManifest.xml:35:13-36
132            android:permission="com.google.android.gms.auth.api.signin.permission.REVOCATION_NOTIFICATION"
132-->[com.google.android.gms:play-services-auth:20.7.0] AndroidManifest.xml:36:13-107
133            android:visibleToInstantApps="true" />
133-->[com.google.android.gms:play-services-auth:20.7.0] AndroidManifest.xml:37:13-48
134
135        <activity
135-->[com.google.android.gms:play-services-base:18.0.1] AndroidManifest.xml:20:9-22:45
136            android:name="com.google.android.gms.common.api.GoogleApiActivity"
136-->[com.google.android.gms:play-services-base:18.0.1] AndroidManifest.xml:20:19-85
137            android:exported="false"
137-->[com.google.android.gms:play-services-base:18.0.1] AndroidManifest.xml:22:19-43
138            android:theme="@android:style/Theme.Translucent.NoTitleBar" />
138-->[com.google.android.gms:play-services-base:18.0.1] AndroidManifest.xml:21:19-78
139        <activity
139-->[androidx.compose.ui:ui-test-manifest:1.9.2] AndroidManifest.xml:23:9-26:79
140            android:name="androidx.activity.ComponentActivity"
140-->[androidx.compose.ui:ui-test-manifest:1.9.2] AndroidManifest.xml:24:13-63
141            android:exported="true"
141-->[androidx.compose.ui:ui-test-manifest:1.9.2] AndroidManifest.xml:25:13-36
142            android:theme="@android:style/Theme.Material.Light.NoActionBar" />
142-->[androidx.compose.ui:ui-test-manifest:1.9.2] AndroidManifest.xml:26:13-76
143        <activity
143-->[androidx.compose.ui:ui-tooling-android:1.9.2] AndroidManifest.xml:23:9-25:39
144            android:name="androidx.compose.ui.tooling.PreviewActivity"
144-->[androidx.compose.ui:ui-tooling-android:1.9.2] AndroidManifest.xml:24:13-71
145            android:exported="true" />
145-->[androidx.compose.ui:ui-tooling-android:1.9.2] AndroidManifest.xml:25:13-36
146
147        <provider
147-->[androidx.emoji2:emoji2:1.4.0] AndroidManifest.xml:24:9-32:20
148            android:name="androidx.startup.InitializationProvider"
148-->[androidx.emoji2:emoji2:1.4.0] AndroidManifest.xml:25:13-67
149            android:authorities="com.nust.valentinegarage.androidx-startup"
149-->[androidx.emoji2:emoji2:1.4.0] AndroidManifest.xml:26:13-68
150            android:exported="false" >
150-->[androidx.emoji2:emoji2:1.4.0] AndroidManifest.xml:27:13-37
151            <meta-data
151-->[androidx.emoji2:emoji2:1.4.0] AndroidManifest.xml:29:13-31:52
152                android:name="androidx.emoji2.text.EmojiCompatInitializer"
152-->[androidx.emoji2:emoji2:1.4.0] AndroidManifest.xml:30:17-75
153                android:value="androidx.startup" />
153-->[androidx.emoji2:emoji2:1.4.0] AndroidManifest.xml:31:17-49
154            <meta-data
154-->[androidx.lifecycle:lifecycle-process:2.10.0] AndroidManifest.xml:29:13-31:52
155                android:name="androidx.lifecycle.ProcessLifecycleInitializer"
155-->[androidx.lifecycle:lifecycle-process:2.10.0] AndroidManifest.xml:30:17-78
156                android:value="androidx.startup" />
156-->[androidx.lifecycle:lifecycle-process:2.10.0] AndroidManifest.xml:31:17-49
157            <meta-data
157-->[androidx.profileinstaller:profileinstaller:1.4.0] AndroidManifest.xml:29:13-31:52
158                android:name="androidx.profileinstaller.ProfileInstallerInitializer"
158-->[androidx.profileinstaller:profileinstaller:1.4.0] AndroidManifest.xml:30:17-85
159                android:value="androidx.startup" />
159-->[androidx.profileinstaller:profileinstaller:1.4.0] AndroidManifest.xml:31:17-49
160        </provider>
161        <provider
161-->[com.google.firebase:firebase-common:21.0.0] AndroidManifest.xml:23:9-28:39
162            android:name="com.google.firebase.provider.FirebaseInitProvider"
162-->[com.google.firebase:firebase-common:21.0.0] AndroidManifest.xml:24:13-77
163            android:authorities="com.nust.valentinegarage.firebaseinitprovider"
163-->[com.google.firebase:firebase-common:21.0.0] AndroidManifest.xml:25:13-72
164            android:directBootAware="true"
164-->[com.google.firebase:firebase-common:21.0.0] AndroidManifest.xml:26:13-43
165            android:exported="false"
165-->[com.google.firebase:firebase-common:21.0.0] AndroidManifest.xml:27:13-37
166            android:initOrder="100" />
166-->[com.google.firebase:firebase-common:21.0.0] AndroidManifest.xml:28:13-36
167
168        <meta-data
168-->[com.google.android.gms:play-services-basement:18.4.0] AndroidManifest.xml:6:9-122
169            android:name="com.google.android.gms.version"
169-->[com.google.android.gms:play-services-basement:18.4.0] AndroidManifest.xml:6:20-65
170            android:value="@integer/google_play_services_version" />
170-->[com.google.android.gms:play-services-basement:18.4.0] AndroidManifest.xml:6:66-119
171
172        <receiver
172-->[androidx.profileinstaller:profileinstaller:1.4.0] AndroidManifest.xml:34:9-52:20
173            android:name="androidx.profileinstaller.ProfileInstallReceiver"
173-->[androidx.profileinstaller:profileinstaller:1.4.0] AndroidManifest.xml:35:13-76
174            android:directBootAware="false"
174-->[androidx.profileinstaller:profileinstaller:1.4.0] AndroidManifest.xml:36:13-44
175            android:enabled="true"
175-->[androidx.profileinstaller:profileinstaller:1.4.0] AndroidManifest.xml:37:13-35
176            android:exported="true"
176-->[androidx.profileinstaller:profileinstaller:1.4.0] AndroidManifest.xml:38:13-36
177            android:permission="android.permission.DUMP" >
177-->[androidx.profileinstaller:profileinstaller:1.4.0] AndroidManifest.xml:39:13-57
178            <intent-filter>
178-->[androidx.profileinstaller:profileinstaller:1.4.0] AndroidManifest.xml:40:13-42:29
179                <action android:name="androidx.profileinstaller.action.INSTALL_PROFILE" />
179-->[androidx.profileinstaller:profileinstaller:1.4.0] AndroidManifest.xml:41:17-91
179-->[androidx.profileinstaller:profileinstaller:1.4.0] AndroidManifest.xml:41:25-88
180            </intent-filter>
181            <intent-filter>
181-->[androidx.profileinstaller:profileinstaller:1.4.0] AndroidManifest.xml:43:13-45:29
182                <action android:name="androidx.profileinstaller.action.SKIP_FILE" />
182-->[androidx.profileinstaller:profileinstaller:1.4.0] AndroidManifest.xml:44:17-85
182-->[androidx.profileinstaller:profileinstaller:1.4.0] AndroidManifest.xml:44:25-82
183            </intent-filter>
184            <intent-filter>
184-->[androidx.profileinstaller:profileinstaller:1.4.0] AndroidManifest.xml:46:13-48:29
185                <action android:name="androidx.profileinstaller.action.SAVE_PROFILE" />
185-->[androidx.profileinstaller:profileinstaller:1.4.0] AndroidManifest.xml:47:17-88
185-->[androidx.profileinstaller:profileinstaller:1.4.0] AndroidManifest.xml:47:25-85
186            </intent-filter>
187            <intent-filter>
187-->[androidx.profileinstaller:profileinstaller:1.4.0] AndroidManifest.xml:49:13-51:29
188                <action android:name="androidx.profileinstaller.action.BENCHMARK_OPERATION" />
188-->[androidx.profileinstaller:profileinstaller:1.4.0] AndroidManifest.xml:50:17-95
188-->[androidx.profileinstaller:profileinstaller:1.4.0] AndroidManifest.xml:50:25-92
189            </intent-filter>
190        </receiver> <!-- The activities will be merged into the manifest of the hosting app. -->
191        <activity
191-->[com.google.android.play:core-common:2.0.3] AndroidManifest.xml:14:9-18:65
192            android:name="com.google.android.play.core.common.PlayCoreDialogWrapperActivity"
192-->[com.google.android.play:core-common:2.0.3] AndroidManifest.xml:15:13-93
193            android:exported="false"
193-->[com.google.android.play:core-common:2.0.3] AndroidManifest.xml:16:13-37
194            android:stateNotNeeded="true"
194-->[com.google.android.play:core-common:2.0.3] AndroidManifest.xml:17:13-42
195            android:theme="@style/Theme.PlayCore.Transparent" />
195-->[com.google.android.play:core-common:2.0.3] AndroidManifest.xml:18:13-62
196    </application>
197
198</manifest>